
Time: 16/1/2026, 2:57:28 pm
Platform: win32
CPU Arch: x64
Free Memory: 6978662400
Total Memory: 16803053568
-----------------------------

Time: 16/1/2026, 2:57:33 pm
Platform: win32
CPU Arch: x64
Free Memory: 6969868288
Total Memory: 16803053568
-----------------------------

Time: 16/1/2026, 2:57:38 pm
Platform: win32
CPU Arch: x64
Free Memory: 6960177152
Total Memory: 16803053568
-----------------------------

Time: 16/1/2026, 2:57:43 pm
Platform: win32
CPU Arch: x64
Free Memory: 6930292736
Total Memory: 16803053568
-----------------------------

Time: 16/1/2026, 2:57:48 pm
Platform: win32
CPU Arch: x64
Free Memory: 6935457792
Total Memory: 16803053568
-----------------------------

Time: 16/1/2026, 2:57:53 pm
Platform: win32
CPU Arch: x64
Free Memory: 6944837632
Total Memory: 16803053568
-----------------------------
